<?xml version="1.0" encoding="UTF-8"?>
<testng-results skipped="0" failed="0" total="1" passed="1">
  <reporter-output>
  </reporter-output>
  <suite name="Default suite" duration-ms="40621" started-at="2020-03-04T12:25:48Z" finished-at="2020-03-04T12:26:29Z">
    <groups>
    </groups>
    <test name="Default test" duration-ms="40621" started-at="2020-03-04T12:25:48Z" finished-at="2020-03-04T12:26:29Z">
      <class name="com.training.sanity.tests.RTTC_13">
        <test-method status="PASS" signature="setUpBeforeClass()[pri:0, instance:com.training.sanity.tests.RTTC_13@17b1517]" name="setUpBeforeClass" is-config="true" duration-ms="28" started-at="2020-03-04T17:55:48Z" finished-at="2020-03-04T17:55:48Z">
          <reporter-output>
          </reporter-output>
        </test-method> <!-- setUpBeforeClass -->
        <test-method status="PASS" signature="setUp()[pri:0, instance:com.training.sanity.tests.RTTC_13@17b1517]" name="setUp" is-config="true" duration-ms="16687" started-at="2020-03-04T17:55:48Z" finished-at="2020-03-04T17:56:05Z">
          <reporter-output>
          </reporter-output>
        </test-method> <!-- setUp -->
        <test-method status="PASS" signature="validLoginTest()[pri:0, instance:com.training.sanity.tests.RTTC_13@17b1517]" name="validLoginTest" duration-ms="22436" started-at="2020-03-04T17:56:05Z" finished-at="2020-03-04T17:56:27Z">
          <reporter-output>
          </reporter-output>
        </test-method> <!-- validLoginTest -->
        <test-method status="PASS" signature="tearDown()[pri:0, instance:com.training.sanity.tests.RTTC_13@17b1517]" name="tearDown" is-config="true" duration-ms="1442" started-at="2020-03-04T17:56:27Z" finished-at="2020-03-04T17:56:29Z">
          <reporter-output>
          </reporter-output>
        </test-method> <!-- tearDown -->
      </class> <!-- com.training.sanity.tests.RTTC_13 -->
    </test> <!-- Default test -->
  </suite> <!-- Default suite -->
</testng-results>
